# JRE version: OpenJDK Runtime Environment Temurin-21.0.8+9 (21.0.8+9) (build 21.0.8+9-LTS)
# Java VM: OpenJDK 64-Bit Server VM Temurin-21.0.8+9 (21.0.8+9-LTS, mixed mode, sharing, tiered, compressed oops, compressed class ptrs, parallel gc, windows-amd64)
GC Precious Log:
 CardTable entry size: 512
 CPUs: 8 total, 8 available
 Memory: 24375M
 Large Page Support: Disabled
 NUMA Support: Disabled
 Compressed Oops: Enabled (32-bit)
 Alignments: Space 512K, Generation 512K, Heap 2M
 Heap Min Capacity: 100M
 Heap Initial Capacity: 100M
 Heap Max Capacity: 2G
 Pre-touch: Disabled
 Parallel Workers: 8
Heap:
 PSYoungGen      total 7168K, used 6872K [0x00000000d5580000, 0x00000000d6100000, 0x0000000100000000)
  eden space 5632K, 100% used [0x00000000d5580000,0x00000000d5b00000,0x00000000d5b00000)
  from space 1536K, 80% used [0x00000000d5e80000,0x00000000d5fb6090,0x00000000d6000000)
  to   space 1024K, 59% used [0x00000000d6000000,0x00000000d6098020,0x00000000d6100000)
 ParOldGen       total 1162240K, used 1162238K [0x0000000080000000, 0x00000000c6f00000, 0x00000000d5580000)
  object space 1162240K, 99% used [0x0000000080000000,0x00000000c6eff9b8,0x00000000c6f00000)
 Metaspace       used 92755K, committed 94336K, reserved 1179648K
  class space    used 9206K, committed 9920K, reserved 1048576K
GC Heap History (20 events):
Event: 36917.486 GC heap after
{Heap after GC invocations=5047 (full 11):
 PSYoungGen      total 6144K, used 308K [0x00000000d5580000, 0x00000000d6280000, 0x0000000100000000)
  eden space 5632K, 0% used [0x00000000d5580000,0x00000000d5580000,0x00000000d5b00000)
  from space 512K, 60% used [0x00000000d6200000,0x00000000d624d220,0x00000000d6280000)
  to   space 512K, 0% used [0x00000000d6180000,0x00000000d6180000,0x00000000d6200000)
 ParOldGen       total 1155584K, used 1155366K [0x0000000080000000, 0x00000000c6880000, 0x00000000d5580000)
  object space 1155584K, 99% used [0x0000000080000000,0x00000000c6849980,0x00000000c6880000)
 Metaspace       used 92747K, committed 94336K, reserved 1179648K
  class space    used 9206K, committed 9920K, reserved 1048576K
}
Event: 36917.750 GC heap before
{Heap before GC invocations=5048 (full 11):
 PSYoungGen      total 6144K, used 5940K [0x00000000d5580000, 0x00000000d6280000, 0x0000000100000000)
  eden space 5632K, 100% used [0x00000000d5580000,0x00000000d5b00000,0x00000000d5b00000)
  from space 512K, 60% used [0x00000000d6200000,0x00000000d624d220,0x00000000d6280000)
  to   space 512K, 0% used [0x00000000d6180000,0x00000000d6180000,0x00000000d6200000)
 ParOldGen       total 1155584K, used 1155366K [0x0000000080000000, 0x00000000c6880000, 0x00000000d5580000)
  object space 1155584K, 99% used [0x0000000080000000,0x00000000c6849980,0x00000000c6880000)
 Metaspace       used 92753K, committed 94336K, reserved 1179648K
  class space    used 9206K, committed 9920K, reserved 1048576K
}
Event: 36917.753 GC heap after
{Heap after GC invocations=5048 (full 11):
 PSYoungGen      total 6144K, used 508K [0x00000000d5580000, 0x00000000d6280000, 0x0000000100000000)
  eden space 5632K, 0% used [0x00000000d5580000,0x00000000d5580000,0x00000000d5b00000)
  from space 512K, 99% used [0x00000000d6180000,0x00000000d61ff228,0x00000000d6200000)
  to   space 512K, 0% used [0x00000000d6200000,0x00000000d6200000,0x00000000d6280000)
 ParOldGen       total 1156096K, used 1155657K [0x0000000080000000, 0x00000000c6900000, 0x00000000d5580000)
  object space 1156096K, 99% used [0x0000000080000000,0x00000000c68924e0,0x00000000c6900000)
 Metaspace       used 92753K, committed 94336K, reserved 1179648K
  class space    used 9206K, committed 9920K, reserved 1048576K
}
Event: 36918.030 GC heap before
{Heap before GC invocations=5049 (full 11):
 PSYoungGen      total 6144K, used 6140K [0x00000000d5580000, 0x00000000d6280000, 0x0000000100000000)
  eden space 5632K, 100% used [0x00000000d5580000,0x00000000d5b00000,0x00000000d5b00000)
  from space 512K, 99% used [0x00000000d6180000,0x00000000d61ff228,0x00000000d6200000)
  to   space 512K, 0% used [0x00000000d6200000,0x00000000d6200000,0x00000000d6280000)
 ParOldGen       total 1156096K, used 1155657K [0x0000000080000000, 0x00000000c6900000, 0x00000000d5580000)
  object space 1156096K, 99% used [0x0000000080000000,0x00000000c68924e0,0x00000000c6900000)
 Metaspace       used 92753K, committed 94336K, reserved 1179648K
  class space    used 9206K, committed 9920K, reserved 1048576K
}
Event: 36918.035 GC heap after
{Heap after GC invocations=5049 (full 11):
 PSYoungGen      total 6144K, used 505K [0x00000000d5580000, 0x00000000d6280000, 0x0000000100000000)
  eden space 5632K, 0% used [0x00000000d5580000,0x00000000d5580000,0x00000000d5b00000)
  from space 512K, 98% used [0x00000000d6200000,0x00000000d627e570,0x00000000d6280000)
  to   space 2048K, 0% used [0x00000000d5e80000,0x00000000d5e80000,0x00000000d6080000)
 ParOldGen       total 1156608K, used 1156586K [0x0000000080000000, 0x00000000c6980000, 0x00000000d5580000)
  object space 1156608K, 99% used [0x0000000080000000,0x00000000c697aa18,0x00000000c6980000)
 Metaspace       used 92753K, committed 94336K, reserved 1179648K
  class space    used 9206K, committed 9920K, reserved 1048576K
}
Event: 36918.081 GC heap before
{Heap before GC invocations=5050 (full 11):
 PSYoungGen      total 6144K, used 6137K [0x00000000d5580000, 0x00000000d6280000, 0x0000000100000000)
  eden space 5632K, 100% used [0x00000000d5580000,0x00000000d5b00000,0x00000000d5b00000)
  from space 512K, 98% used [0x00000000d6200000,0x00000000d627e570,0x00000000d6280000)
  to   space 2048K, 0% used [0x00000000d5e80000,0x00000000d5e80000,0x00000000d6080000)
 ParOldGen       total 1156608K, used 1156586K [0x0000000080000000, 0x00000000c6980000, 0x00000000d5580000)
  object space 1156608K, 99% used [0x0000000080000000,0x00000000c697aa18,0x00000000c6980000)
 Metaspace       used 92753K, committed 94336K, reserved 1179648K
  class space    used 9206K, committed 9920K, reserved 1048576K
}
Event: 36918.085 GC heap after
{Heap after GC invocations=5050 (full 11):
 PSYoungGen      total 7680K, used 1425K [0x00000000d5580000, 0x00000000d6280000, 0x0000000100000000)
  eden space 5632K, 0% used [0x00000000d5580000,0x00000000d5580000,0x00000000d5b00000)
  from space 2048K, 69% used [0x00000000d5e80000,0x00000000d5fe4500,0x00000000d6080000)
  to   space 1536K, 0% used [0x00000000d6100000,0x00000000d6100000,0x00000000d6280000)
 ParOldGen       total 1157632K, used 1157122K [0x0000000080000000, 0x00000000c6a80000, 0x00000000d5580000)
  object space 1157632K, 99% used [0x0000000080000000,0x00000000c6a00a08,0x00000000c6a80000)
 Metaspace       used 92753K, committed 94336K, reserved 1179648K
  class space    used 9206K, committed 9920K, reserved 1048576K
}
Event: 36918.184 GC heap before
{Heap before GC invocations=5051 (full 11):
 PSYoungGen      total 7680K, used 7057K [0x00000000d5580000, 0x00000000d6280000, 0x0000000100000000)
  eden space 5632K, 100% used [0x00000000d5580000,0x00000000d5b00000,0x00000000d5b00000)
  from space 2048K, 69% used [0x00000000d5e80000,0x00000000d5fe4500,0x00000000d6080000)
  to   space 1536K, 0% used [0x00000000d6100000,0x00000000d6100000,0x00000000d6280000)
 ParOldGen       total 1157632K, used 1157122K [0x0000000080000000, 0x00000000c6a80000, 0x00000000d5580000)
  object space 1157632K, 99% used [0x0000000080000000,0x00000000c6a00a08,0x00000000c6a80000)
 Metaspace       used 92753K, committed 94336K, reserved 1179648K
  class space    used 9206K, committed 9920K, reserved 1048576K
}
Event: 36918.188 GC heap after
{Heap after GC invocations=5051 (full 11):
 PSYoungGen      total 6656K, used 694K [0x00000000d5580000, 0x00000000d6200000, 0x0000000100000000)
  eden space 5632K, 0% used [0x00000000d5580000,0x00000000d5580000,0x00000000d5b00000)
  from space 1024K, 67% used [0x00000000d6100000,0x00000000d61ad8b0,0x00000000d6200000)
  to   space 1024K, 0% used [0x00000000d6000000,0x00000000d6000000,0x00000000d6100000)
 ParOldGen       total 1158656K, used 1158491K [0x0000000080000000, 0x00000000c6b80000, 0x00000000d5580000)
  object space 1158656K, 99% used [0x0000000080000000,0x00000000c6b56f38,0x00000000c6b80000)
 Metaspace       used 92753K, committed 94336K, reserved 1179648K
  class space    used 9206K, committed 9920K, reserved 1048576K
}
Event: 36918.310 GC heap before
{Heap before GC invocations=5052 (full 11):
 PSYoungGen      total 6656K, used 6326K [0x00000000d5580000, 0x00000000d6200000, 0x0000000100000000)
  eden space 5632K, 100% used [0x00000000d5580000,0x00000000d5b00000,0x00000000d5b00000)
  from space 1024K, 67% used [0x00000000d6100000,0x00000000d61ad8b0,0x00000000d6200000)
  to   space 1024K, 0% used [0x00000000d6000000,0x00000000d6000000,0x00000000d6100000)
 ParOldGen       total 1158656K, used 1158491K [0x0000000080000000, 0x00000000c6b80000, 0x00000000d5580000)
  object space 1158656K, 99% used [0x0000000080000000,0x00000000c6b56f38,0x00000000c6b80000)
 Metaspace       used 92753K, committed 94336K, reserved 1179648K
  class space    used 9206K, committed 9920K, reserved 1048576K
}
Event: 36918.314 GC heap after
{Heap after GC invocations=5052 (full 11):
 PSYoungGen      total 6656K, used 629K [0x00000000d5580000, 0x00000000d6180000, 0x0000000100000000)
  eden space 5632K, 0% used [0x00000000d5580000,0x00000000d5580000,0x00000000d5b00000)
  from space 1024K, 61% used [0x00000000d6000000,0x00000000d609d408,0x00000000d6100000)
  to   space 512K, 0% used [0x00000000d6100000,0x00000000d6100000,0x00000000d6180000)
 ParOldGen       total 1159168K, used 1159040K [0x0000000080000000, 0x00000000c6c00000, 0x00000000d5580000)
  object space 1159168K, 99% used [0x0000000080000000,0x00000000c6be01b0,0x00000000c6c00000)
 Metaspace       used 92753K, committed 94336K, reserved 1179648K
  class space    used 9206K, committed 9920K, reserved 1048576K
}
Event: 36918.372 GC heap before
{Heap before GC invocations=5053 (full 11):
 PSYoungGen      total 6656K, used 6261K [0x00000000d5580000, 0x00000000d6180000, 0x0000000100000000)
  eden space 5632K, 100% used [0x00000000d5580000,0x00000000d5b00000,0x00000000d5b00000)
  from space 1024K, 61% used [0x00000000d6000000,0x00000000d609d408,0x00000000d6100000)
  to   space 512K, 0% used [0x00000000d6100000,0x00000000d6100000,0x00000000d6180000)
 ParOldGen       total 1159168K, used 1159040K [0x0000000080000000, 0x00000000c6c00000, 0x00000000d5580000)
  object space 1159168K, 99% used [0x0000000080000000,0x00000000c6be01b0,0x00000000c6c00000)
 Metaspace       used 92753K, committed 94336K, reserved 1179648K
  class space    used 9206K, committed 9920K, reserved 1048576K
}
Event: 36918.378 GC heap after
{Heap after GC invocations=5053 (full 11):
 PSYoungGen      total 6144K, used 502K [0x00000000d5580000, 0x00000000d6180000, 0x0000000100000000)
  eden space 5632K, 0% used [0x00000000d5580000,0x00000000d5580000,0x00000000d5b00000)
  from space 512K, 98% used [0x00000000d6100000,0x00000000d617d948,0x00000000d6180000)
  to   space 2048K, 0% used [0x00000000d5d80000,0x00000000d5d80000,0x00000000d5f80000)
 ParOldGen       total 1160192K, used 1159986K [0x0000000080000000, 0x00000000c6d00000, 0x00000000d5580000)
  object space 1160192K, 99% used [0x0000000080000000,0x00000000c6ccca30,0x00000000c6d00000)
 Metaspace       used 92753K, committed 94336K, reserved 1179648K
  class space    used 9206K, committed 9920K, reserved 1048576K
}
Event: 36918.416 GC heap before
{Heap before GC invocations=5054 (full 11):
 PSYoungGen      total 6144K, used 6134K [0x00000000d5580000, 0x00000000d6180000, 0x0000000100000000)
  eden space 5632K, 100% used [0x00000000d5580000,0x00000000d5b00000,0x00000000d5b00000)
  from space 512K, 98% used [0x00000000d6100000,0x00000000d617d948,0x00000000d6180000)
  to   space 2048K, 0% used [0x00000000d5d80000,0x00000000d5d80000,0x00000000d5f80000)
 ParOldGen       total 1160192K, used 1159986K [0x0000000080000000, 0x00000000c6d00000, 0x00000000d5580000)
  object space 1160192K, 99% used [0x0000000080000000,0x00000000c6ccca30,0x00000000c6d00000)
 Metaspace       used 92753K, committed 94336K, reserved 1179648K
  class space    used 9206K, committed 9920K, reserved 1048576K
}
Event: 36918.420 GC heap after
{Heap after GC invocations=5054 (full 11):
 PSYoungGen      total 7680K, used 744K [0x00000000d5580000, 0x00000000d6180000, 0x0000000100000000)
  eden space 5632K, 0% used [0x00000000d5580000,0x00000000d5580000,0x00000000d5b00000)
  from space 2048K, 36% used [0x00000000d5d80000,0x00000000d5e3a2e0,0x00000000d5f80000)
  to   space 1024K, 0% used [0x00000000d6080000,0x00000000d6080000,0x00000000d6180000)
 ParOldGen       total 1160704K, used 1160527K [0x0000000080000000, 0x00000000c6d80000, 0x00000000d5580000)
  object space 1160704K, 99% used [0x0000000080000000,0x00000000c6d53eb0,0x00000000c6d80000)
 Metaspace       used 92753K, committed 94336K, reserved 1179648K
  class space    used 9206K, committed 9920K, reserved 1048576K
}
Event: 36918.527 GC heap before
{Heap before GC invocations=5055 (full 11):
 PSYoungGen      total 7680K, used 6376K [0x00000000d5580000, 0x00000000d6180000, 0x0000000100000000)
  eden space 5632K, 99% used [0x00000000d5580000,0x00000000d5afffc8,0x00000000d5b00000)
  from space 2048K, 36% used [0x00000000d5d80000,0x00000000d5e3a2e0,0x00000000d5f80000)
  to   space 1024K, 0% used [0x00000000d6080000,0x00000000d6080000,0x00000000d6180000)
 ParOldGen       total 1160704K, used 1160527K [0x0000000080000000, 0x00000000c6d80000, 0x00000000d5580000)
  object space 1160704K, 99% used [0x0000000080000000,0x00000000c6d53eb0,0x00000000c6d80000)
 Metaspace       used 92755K, committed 94336K, reserved 1179648K
  class space    used 9206K, committed 9920K, reserved 1048576K
}
Event: 36918.531 GC heap after
{Heap after GC invocations=5055 (full 11):
 PSYoungGen      total 6656K, used 1015K [0x00000000d5580000, 0x00000000d6180000, 0x0000000100000000)
  eden space 5632K, 0% used [0x00000000d5580000,0x00000000d5580000,0x00000000d5b00000)
  from space 1024K, 99% used [0x00000000d6080000,0x00000000d617de10,0x00000000d6180000)
  to   space 1536K, 0% used [0x00000000d5e80000,0x00000000d5e80000,0x00000000d6000000)
 ParOldGen       total 1161216K, used 1161183K [0x0000000080000000, 0x00000000c6e00000, 0x00000000d5580000)
  object space 1161216K, 99% used [0x0000000080000000,0x00000000c6df7cc0,0x00000000c6e00000)
 Metaspace       used 92755K, committed 94336K, reserved 1179648K
  class space    used 9206K, committed 9920K, reserved 1048576K
}
Event: 36918.627 GC heap before
{Heap before GC invocations=5056 (full 11):
 PSYoungGen      total 6656K, used 6647K [0x00000000d5580000, 0x00000000d6180000, 0x0000000100000000)
  eden space 5632K, 100% used [0x00000000d5580000,0x00000000d5b00000,0x00000000d5b00000)
  from space 1024K, 99% used [0x00000000d6080000,0x00000000d617de10,0x00000000d6180000)
  to   space 1536K, 0% used [0x00000000d5e80000,0x00000000d5e80000,0x00000000d6000000)
 ParOldGen       total 1161216K, used 1161183K [0x0000000080000000, 0x00000000c6e00000, 0x00000000d5580000)
  object space 1161216K, 99% used [0x0000000080000000,0x00000000c6df7cc0,0x00000000c6e00000)
 Metaspace       used 92755K, committed 94336K, reserved 1179648K
  class space    used 9206K, committed 9920K, reserved 1048576K
}
Event: 36918.631 GC heap after
{Heap after GC invocations=5056 (full 11):
 PSYoungGen      total 7168K, used 1240K [0x00000000d5580000, 0x00000000d6100000, 0x0000000100000000)
  eden space 5632K, 0% used [0x00000000d5580000,0x00000000d5580000,0x00000000d5b00000)
  from space 1536K, 80% used [0x00000000d5e80000,0x00000000d5fb6090,0x00000000d6000000)
  to   space 1024K, 0% used [0x00000000d6000000,0x00000000d6000000,0x00000000d6100000)
 ParOldGen       total 1162240K, used 1161974K [0x0000000080000000, 0x00000000c6f00000, 0x00000000d5580000)
  object space 1162240K, 99% used [0x0000000080000000,0x00000000c6ebd9b8,0x00000000c6f00000)
 Metaspace       used 92755K, committed 94336K, reserved 1179648K
  class space    used 9206K, committed 9920K, reserved 1048576K
}
Event: 36918.733 GC heap before
{Heap before GC invocations=5057 (full 11):
 PSYoungGen      total 7168K, used 6872K [0x00000000d5580000, 0x00000000d6100000, 0x0000000100000000)
  eden space 5632K, 100% used [0x00000000d5580000,0x00000000d5b00000,0x00000000d5b00000)
  from space 1536K, 80% used [0x00000000d5e80000,0x00000000d5fb6090,0x00000000d6000000)
  to   space 1024K, 0% used [0x00000000d6000000,0x00000000d6000000,0x00000000d6100000)
 ParOldGen       total 1162240K, used 1161974K [0x0000000080000000, 0x00000000c6f00000, 0x00000000d5580000)
  object space 1162240K, 99% used [0x0000000080000000,0x00000000c6ebd9b8,0x00000000c6f00000)
 Metaspace       used 92755K, committed 94336K, reserved 1179648K
  class space    used 9206K, committed 9920K, reserved 1048576K
}

